# JRE version: 7.0_25-b17
# Java VM: Java HotSpot(TM) Client VM (23.25-b01 mixed mode, sharing windows-x86 )
Heap
 def new generation   total 8320K, used 3204K [0x22af0000, 0x233f0000, 0x28040000)
  eden space 7424K,  42% used [0x22af0000, 0x22e0b8f0, 0x23230000)
  from space 896K,   2% used [0x23230000, 0x232359e0, 0x23310000)
  to   space 896K,   0% used [0x23310000, 0x23310000, 0x233f0000)
 tenured generation   total 18384K, used 11396K [0x28040000, 0x29234000, 0x32af0000)
   the space 18384K,  61% used [0x28040000, 0x28b613c0, 0x28b61400, 0x29234000)
 compacting perm gen  total 12288K, used 2183K [0x32af0000, 0x336f0000, 0x36af0000)
   the space 12288K,  17% used [0x32af0000, 0x32d11f30, 0x32d12000, 0x336f0000)
    ro space 10240K,  45% used [0x36af0000, 0x36f79b28, 0x36f79c00, 0x374f0000)
    rw space 12288K,  54% used [0x374f0000, 0x37b7d0e8, 0x37b7d200, 0x380f0000)
GC Heap History (10 events):
Event: 21.251 GC heap before
{Heap before GC invocations=181 (full 1):
 def new generation   total 8320K, used 7443K [0x22af0000, 0x233f0000, 0x28040000)
  eden space 7424K, 100% used [0x22af0000, 0x23230000, 0x23230000)
  from space 896K,   2% used [0x23310000, 0x23314f88, 0x233f0000)
  to   space 896K,   0% used [0x23230000, 0x23230000, 0x23310000)
 tenured generation   total 18384K, used 11393K [0x28040000, 0x29234000, 0x32af0000)
   the space 18384K,  61% used [0x28040000, 0x28b60730, 0x28b60800, 0x29234000)
 compacting perm gen  total 12288K, used 2181K [0x32af0000, 0x336f0000, 0x36af0000)
   the space 12288K,  17% used [0x32af0000, 0x32d11408, 0x32d11600, 0x336f0000)
    ro space 10240K,  45% used [0x36af0000, 0x36f79b28, 0x36f79c00, 0x374f0000)
    rw space 12288K,  54% used [0x374f0000, 0x37b7d0e8, 0x37b7d200, 0x380f0000)
Event: 21.252 GC heap after
Heap after GC invocations=182 (full 1):
 def new generation   total 8320K, used 19K [0x22af0000, 0x233f0000, 0x28040000)
  eden space 7424K,   0% used [0x22af0000, 0x22af0000, 0x23230000)
  from space 896K,   2% used [0x23230000, 0x23234ed0, 0x23310000)
  to   space 896K,   0% used [0x23310000, 0x23310000, 0x233f0000)
 tenured generation   total 18384K, used 11393K [0x28040000, 0x29234000, 0x32af0000)
   the space 18384K,  61% used [0x28040000, 0x28b60730, 0x28b60800, 0x29234000)
 compacting perm gen  total 12288K, used 2181K [0x32af0000, 0x336f0000, 0x36af0000)
   the space 12288K,  17% used [0x32af0000, 0x32d11408, 0x32d11600, 0x336f0000)
    ro space 10240K,  45% used [0x36af0000, 0x36f79b28, 0x36f79c00, 0x374f0000)
    rw space 12288K,  54% used [0x374f0000, 0x37b7d0e8, 0x37b7d200, 0x380f0000)
}
Event: 21.364 GC heap before
{Heap before GC invocations=182 (full 1):
 def new generation   total 8320K, used 7443K [0x22af0000, 0x233f0000, 0x28040000)
  eden space 7424K, 100% used [0x22af0000, 0x23230000, 0x23230000)
  from space 896K,   2% used [0x23230000, 0x23234ed0, 0x23310000)
  to   space 896K,   0% used [0x23310000, 0x23310000, 0x233f0000)
 tenured generation   total 18384K, used 11393K [0x28040000, 0x29234000, 0x32af0000)
   the space 18384K,  61% used [0x28040000, 0x28b60730, 0x28b60800, 0x29234000)
 compacting perm gen  total 12288K, used 2181K [0x32af0000, 0x336f0000, 0x36af0000)
   the space 12288K,  17% used [0x32af0000, 0x32d11408, 0x32d11600, 0x336f0000)
    ro space 10240K,  45% used [0x36af0000, 0x36f79b28, 0x36f79c00, 0x374f0000)
    rw space 12288K,  54% used [0x374f0000, 0x37b7d0e8, 0x37b7d200, 0x380f0000)
Event: 21.365 GC heap after
Heap after GC invocations=183 (full 1):
 def new generation   total 8320K, used 19K [0x22af0000, 0x233f0000, 0x28040000)
  eden space 7424K,   0% used [0x22af0000, 0x22af0000, 0x23230000)
  from space 896K,   2% used [0x23310000, 0x23314ea0, 0x233f0000)
  to   space 896K,   0% used [0x23230000, 0x23230000, 0x23310000)
 tenured generation   total 18384K, used 11393K [0x28040000, 0x29234000, 0x32af0000)
   the space 18384K,  61% used [0x28040000, 0x28b607f8, 0x28b60800, 0x29234000)
 compacting perm gen  total 12288K, used 2181K [0x32af0000, 0x336f0000, 0x36af0000)
   the space 12288K,  17% used [0x32af0000, 0x32d11408, 0x32d11600, 0x336f0000)
    ro space 10240K,  45% used [0x36af0000, 0x36f79b28, 0x36f79c00, 0x374f0000)
    rw space 12288K,  54% used [0x374f0000, 0x37b7d0e8, 0x37b7d200, 0x380f0000)
}
Event: 21.466 GC heap before
{Heap before GC invocations=183 (full 1):
 def new generation   total 8320K, used 7443K [0x22af0000, 0x233f0000, 0x28040000)
  eden space 7424K, 100% used [0x22af0000, 0x23230000, 0x23230000)
  from space 896K,   2% used [0x23310000, 0x23314ea0, 0x233f0000)
  to   space 896K,   0% used [0x23230000, 0x23230000, 0x23310000)
 tenured generation   total 18384K, used 11393K [0x28040000, 0x29234000, 0x32af0000)
   the space 18384K,  61% used [0x28040000, 0x28b607f8, 0x28b60800, 0x29234000)
 compacting perm gen  total 12288K, used 2181K [0x32af0000, 0x336f0000, 0x36af0000)
   the space 12288K,  17% used [0x32af0000, 0x32d11408, 0x32d11600, 0x336f0000)
    ro space 10240K,  45% used [0x36af0000, 0x36f79b28, 0x36f79c00, 0x374f0000)
    rw space 12288K,  54% used [0x374f0000, 0x37b7d0e8, 0x37b7d200, 0x380f0000)
Event: 21.467 GC heap after
Heap after GC invocations=184 (full 1):
 def new generation   total 8320K, used 19K [0x22af0000, 0x233f0000, 0x28040000)
  eden space 7424K,   0% used [0x22af0000, 0x22af0000, 0x23230000)
  from space 896K,   2% used [0x23230000, 0x23234ec0, 0x23310000)
  to   space 896K,   0% used [0x23310000, 0x23310000, 0x233f0000)
 tenured generation   total 18384K, used 11394K [0x28040000, 0x29234000, 0x32af0000)
   the space 18384K,  61% used [0x28040000, 0x28b608c0, 0x28b60a00, 0x29234000)
 compacting perm gen  total 12288K, used 2181K [0x32af0000, 0x336f0000, 0x36af0000)
   the space 12288K,  17% used [0x32af0000, 0x32d11408, 0x32d11600, 0x336f0000)
    ro space 10240K,  45% used [0x36af0000, 0x36f79b28, 0x36f79c00, 0x374f0000)
    rw space 12288K,  54% used [0x374f0000, 0x37b7d0e8, 0x37b7d200, 0x380f0000)
}
Event: 21.572 GC heap before
{Heap before GC invocations=184 (full 1):
 def new generation   total 8320K, used 7443K [0x22af0000, 0x233f0000, 0x28040000)
  eden space 7424K, 100% used [0x22af0000, 0x23230000, 0x23230000)
  from space 896K,   2% used [0x23230000, 0x23234ec0, 0x23310000)
  to   space 896K,   0% used [0x23310000, 0x23310000, 0x233f0000)
 tenured generation   total 18384K, used 11394K [0x28040000, 0x29234000, 0x32af0000)
   the space 18384K,  61% used [0x28040000, 0x28b608c0, 0x28b60a00, 0x29234000)
 compacting perm gen  total 12288K, used 2181K [0x32af0000, 0x336f0000, 0x36af0000)
   the space 12288K,  17% used [0x32af0000, 0x32d11408, 0x32d11600, 0x336f0000)
    ro space 10240K,  45% used [0x36af0000, 0x36f79b28, 0x36f79c00, 0x374f0000)
    rw space 12288K,  54% used [0x374f0000, 0x37b7d0e8, 0x37b7d200, 0x380f0000)
Event: 21.573 GC heap after
Heap after GC invocations=185 (full 1):
 def new generation   total 8320K, used 19K [0x22af0000, 0x233f0000, 0x28040000)
  eden space 7424K,   0% used [0x22af0000, 0x22af0000, 0x23230000)
  from space 896K,   2% used [0x23310000, 0x23314ef8, 0x233f0000)
  to   space 896K,   0% used [0x23230000, 0x23230000, 0x23310000)
 tenured generation   total 18384K, used 11395K [0x28040000, 0x29234000, 0x32af0000)
   the space 18384K,  61% used [0x28040000, 0x28b60e40, 0x28b61000, 0x29234000)
 compacting perm gen  total 12288K, used 2181K [0x32af0000, 0x336f0000, 0x36af0000)
   the space 12288K,  17% used [0x32af0000, 0x32d11408, 0x32d11600, 0x336f0000)
    ro space 10240K,  45% used [0x36af0000, 0x36f79b28, 0x36f79c00, 0x374f0000)
    rw space 12288K,  54% used [0x374f0000, 0x37b7d0e8, 0x37b7d200, 0x380f0000)
}
Event: 21.678 GC heap before
{Heap before GC invocations=185 (full 1):
 def new generation   total 8320K, used 7443K [0x22af0000, 0x233f0000, 0x28040000)
  eden space 7424K, 100% used [0x22af0000, 0x23230000, 0x23230000)
  from space 896K,   2% used [0x23310000, 0x23314ef8, 0x233f0000)
  to   space 896K,   0% used [0x23230000, 0x23230000, 0x23310000)
 tenured generation   total 18384K, used 11395K [0x28040000, 0x29234000, 0x32af0000)
   the space 18384K,  61% used [0x28040000, 0x28b60e40, 0x28b61000, 0x29234000)
 compacting perm gen  total 12288K, used 2181K [0x32af0000, 0x336f0000, 0x36af0000)
   the space 12288K,  17% used [0x32af0000, 0x32d11408, 0x32d11600, 0x336f0000)
    ro space 10240K,  45% used [0x36af0000, 0x36f79b28, 0x36f79c00, 0x374f0000)
    rw space 12288K,  54% used [0x374f0000, 0x37b7d0e8, 0x37b7d200, 0x380f0000)
Event: 21.679 GC heap after
Heap after GC invocations=186 (full 1):
 def new generation   total 8320K, used 22K [0x22af0000, 0x233f0000, 0x28040000)
  eden space 7424K,   0% used [0x22af0000, 0x22af0000, 0x23230000)
  from space 896K,   2% used [0x23230000, 0x232359e0, 0x23310000)
  to   space 896K,   0% used [0x23310000, 0x23310000, 0x233f0000)
 tenured generation   total 18384K, used 11396K [0x28040000, 0x29234000, 0x32af0000)
   the space 18384K,  61% used [0x28040000, 0x28b613c0, 0x28b61400, 0x29234000)
 compacting perm gen  total 12288K, used 2181K [0x32af0000, 0x336f0000, 0x36af0000)
   the space 12288K,  17% used [0x32af0000, 0x32d11408, 0x32d11600, 0x336f0000)
    ro space 10240K,  45% used [0x36af0000, 0x36f79b28, 0x36f79c00, 0x374f0000)
    rw space 12288K,  54% used [0x374f0000, 0x37b7d0e8, 0x37b7d200, 0x380f0000)
}

